<?xml version="1.0" encoding="UTF-8"?>
<!-- Generated by org.testng.reporters.JUnitReportReporter -->
<testsuite hostname="Vaibhav-Grover" failures="0" tests="1" name="utils.ExcelReader" time="3.714" errors="0" timestamp="2024-06-23T17:45:31 IST" skipped="0">
  <testcase classname="utils.ExcelReader" name="readData" time="3.714"/>
</testsuite> <!-- utils.ExcelReader -->
