<?xml version="1.0" encoding="UTF-8"?>
<!-- Generated by org.testng.reporters.JUnitReportReporter -->
<testsuite hostname="Vaibhav-Grover" failures="0" tests="1" name="com.DemoWeb.test.LoginTest" time="10.808" errors="0" timestamp="2024-06-23T12:10:35 IST" skipped="0">
  <testcase classname="com.DemoWeb.test.LoginTest" name="VerifyUserIsAbleToLoginAndViewTheLoginEmailPostLogin" time="10.808"/>
</testsuite> <!-- com.DemoWeb.test.LoginTest -->
