<?xml version="1.0" encoding="UTF-8"?>
<!-- Generated by org.testng.reporters.JUnitReportReporter -->
<testsuite hostname="Vaibhav-Grover" failures="0" tests="3" name="com.DemoWeb.test.HomePageTestCases" time="53.093" errors="0" timestamp="2024-06-21T22:34:06 IST" skipped="0">
  <testcase classname="com.DemoWeb.test.HomePageTestCases" name="VerifyGettingThankMessageAfterSubscription" time="18.575"/>
  <testcase classname="com.DemoWeb.test.HomePageTestCases" name="VerifyGettingThankMessageAfterSubscription" time="18.360"/>
  <testcase classname="com.DemoWeb.test.HomePageTestCases" name="VerifyGettingThankMessageAfterSubscription" time="16.158"/>
</testsuite> <!-- com.DemoWeb.test.HomePageTestCases -->
