<?xml version="1.0" encoding="UTF-8"?>
<!-- Generated by org.testng.reporters.JUnitReportReporter -->
<testsuite hostname="Vaibhav-Grover" failures="0" tests="1" name="com.DemoWeb.test.HeaderTest" time="7.144" errors="0" timestamp="2024-06-21T23:58:40 IST" skipped="0">
  <testcase classname="com.DemoWeb.test.HeaderTest" name="verifyUserIsAbleVerifyHeaders" time="7.144"/>
</testsuite> <!-- com.DemoWeb.test.HeaderTest -->
