<?xml version="1.0" encoding="UTF-8"?>
<!-- Generated by org.testng.reporters.JUnitReportReporter -->
<testsuite hostname="Vaibhav-Grover" failures="0" tests="1" name="com.DemoWeb.test.RegistrationTest" time="11.363" errors="0" timestamp="2024-06-23T15:05:39 IST" skipped="0">
  <testcase classname="com.DemoWeb.test.RegistrationTest" name="verifyUserIsAbleToSignupWithValidCred" time="11.363"/>
</testsuite> <!-- com.DemoWeb.test.RegistrationTest -->
