<?xml version="1.0" encoding="UTF-8"?>
<!-- Generated by org.testng.reporters.JUnitReportReporter -->
<testsuite hostname="Vaibhav-Grover" failures="0" tests="1" name="com.DemoWeb.test.DataDrivenRegistration" time="28.977" errors="0" timestamp="2024-06-23T19:05:06 IST" skipped="0">
  <testcase classname="com.DemoWeb.test.DataDrivenRegistration" name="verifyUserIsAbleToRegisterMultiplePerson" time="28.977"/>
</testsuite> <!-- com.DemoWeb.test.DataDrivenRegistration -->
