<?xml version="1.0" encoding="UTF-8"?>
<!-- Generated by org.testng.reporters.JUnitReportReporter -->
<testsuite hostname="Vaibhav-Grover" failures="0" tests="1" name="com.DemoWeb.test.LoginTest" time="12.188" errors="0" timestamp="2024-06-21T23:59:26 IST" skipped="0">
  <testcase classname="com.DemoWeb.test.LoginTest" name="VerifyUserIsAbleToLoginAndViewTheLoginEmailPostLogin" time="12.188"/>
</testsuite> <!-- com.DemoWeb.test.LoginTest -->
