<?xml version="1.0" encoding="UTF-8"?>
<!-- Generated by org.testng.reporters.JUnitReportReporter -->
<testsuite hostname="Vaibhav-Grover" failures="0" tests="1" name="com.DemoWeb.test.HeaderTest" time="10.181" errors="0" timestamp="2024-06-17T15:23:02 IST" skipped="0">
  <testcase classname="com.DemoWeb.test.HeaderTest" name="verifyUserIsAbleVerifyHeaders" time="10.181"/>
</testsuite> <!-- com.DemoWeb.test.HeaderTest -->
