<?xml version="1.0" encoding="UTF-8"?>
<!-- Generated by org.testng.reporters.JUnitReportReporter -->
<testsuite hostname="Vaibhav-Grover" failures="0" tests="3" name="com.DemoWeb.test.HomePageTestCases" time="48.370" errors="0" timestamp="2024-06-22T00:20:47 IST" skipped="0">
  <testcase classname="com.DemoWeb.test.HomePageTestCases" name="VerifyGettingThankMessageAfterSubscription" time="16.093"/>
  <testcase classname="com.DemoWeb.test.HomePageTestCases" name="VerifyGettingThankMessageAfterSubscription" time="11.671"/>
  <testcase classname="com.DemoWeb.test.HomePageTestCases" name="VerifyGettingThankMessageAfterSubscription" time="20.606"/>
</testsuite> <!-- com.DemoWeb.test.HomePageTestCases -->
